
> talentflow-frontend@0.0.1 dev
> vite dev --host 0.0.0.0 --port 5173

Your tsconfig.json should extend the configuration generated by SvelteKit:
{
  "extends": "./.svelte-kit/tsconfig.json"
}

  VITE v6.3.5  ready in 1940 ms

  ➜  Local:   http://localhost:5173/
  ➜  Network: http://10.0.2.251:5173/
11:33:33 AM [vite-plugin-svelte] src/routes/+page.svelte:80:12 Visible, non-interactive elements with a click event must be accompanied by a keyboard event handler. Consider whether an interactive element such as `<button type="button">` or `<a>` might be more appropriate
https://svelte.dev/e/a11y_click_events_have_key_events
11:33:34 AM [vite-plugin-svelte] src/routes/+page.svelte:80:12 `<bx-btn>` with a click handler must have an ARIA role
https://svelte.dev/e/a11y_no_static_element_interactions
11:33:34 AM [vite-plugin-svelte] src/routes/+page.svelte:81:12 Visible, non-interactive elements with a click event must be accompanied by a keyboard event handler. Consider whether an interactive element such as `<button type="button">` or `<a>` might be more appropriate
https://svelte.dev/e/a11y_click_events_have_key_events
11:33:34 AM [vite-plugin-svelte] src/routes/+page.svelte:81:12 `<bx-btn>` with a click handler must have an ARIA role
https://svelte.dev/e/a11y_no_static_element_interactions
11:33:52 AM [vite-plugin-svelte] src/routes/app/+layout.svelte:115:2 Visible, non-interactive elements with a click event must be accompanied by a keyboard event handler. Consider whether an interactive element such as `<button type="button">` or `<a>` might be more appropriate
https://svelte.dev/e/a11y_click_events_have_key_events
11:33:52 AM [vite-plugin-svelte] src/routes/app/+layout.svelte:115:2 `<div>` with a click handler must have an ARIA role
https://svelte.dev/e/a11y_no_static_element_interactions
11:33:54 AM [vite-plugin-svelte] src/routes/+page.svelte:80:12 Visible, non-interactive elements with a click event must be accompanied by a keyboard event handler. Consider whether an interactive element such as `<button type="button">` or `<a>` might be more appropriate
https://svelte.dev/e/a11y_click_events_have_key_events
11:33:54 AM [vite-plugin-svelte] src/routes/+page.svelte:80:12 `<bx-btn>` with a click handler must have an ARIA role
https://svelte.dev/e/a11y_no_static_element_interactions
11:33:54 AM [vite-plugin-svelte] src/routes/+page.svelte:81:12 Visible, non-interactive elements with a click event must be accompanied by a keyboard event handler. Consider whether an interactive element such as `<button type="button">` or `<a>` might be more appropriate
https://svelte.dev/e/a11y_click_events_have_key_events
11:33:54 AM [vite-plugin-svelte] src/routes/+page.svelte:81:12 `<bx-btn>` with a click handler must have an ARIA role
https://svelte.dev/e/a11y_no_static_element_interactions
11:34:05 AM [vite-plugin-svelte] src/routes/app/extract/+page.svelte:128:6 Self-closing HTML tags for non-void elements are ambiguous — use `<div ...></div>` rather than `<div ... />`
https://svelte.dev/e/element_invalid_self_closing_tag
11:34:05 AM [vite-plugin-svelte] src/routes/app/extract/+page.svelte:163:8 Visible, non-interactive elements with a click event must be accompanied by a keyboard event handler. Consider whether an interactive element such as `<button type="button">` or `<a>` might be more appropriate
https://svelte.dev/e/a11y_click_events_have_key_events
11:34:05 AM [vite-plugin-svelte] src/routes/app/extract/+page.svelte:163:8 Non-interactive element `<article>` should not be assigned mouse or keyboard event listeners
https://svelte.dev/e/a11y_no_noninteractive_element_interactions
11:34:05 AM [vite-plugin-svelte] src/routes/app/extract/+page.svelte:175:14 Visible, non-interactive elements with a click event must be accompanied by a keyboard event handler. Consider whether an interactive element such as `<button type="button">` or `<a>` might be more appropriate
https://svelte.dev/e/a11y_click_events_have_key_events
11:34:05 AM [vite-plugin-svelte] src/routes/app/extract/+page.svelte:175:14 `<div>` with a click handler must have an ARIA role
https://svelte.dev/e/a11y_no_static_element_interactions
11:34:29 AM [vite-plugin-svelte] src/routes/app/generate/+page.svelte:396:12 A form label must be associated with a control
https://svelte.dev/e/a11y_label_has_associated_control
11:34:29 AM [vite-plugin-svelte] src/routes/app/generate/+page.svelte:436:2 `<div>` with a mousedown handler must have an ARIA role
https://svelte.dev/e/a11y_no_static_element_interactions
11:34:29 AM [vite-plugin-svelte] src/routes/app/generate/+page.svelte:497:2 Visible, non-interactive elements with a click event must be accompanied by a keyboard event handler. Consider whether an interactive element such as `<button type="button">` or `<a>` might be more appropriate
https://svelte.dev/e/a11y_click_events_have_key_events
11:34:29 AM [vite-plugin-svelte] src/routes/app/generate/+page.svelte:497:2 `<div>` with a click handler must have an ARIA role
https://svelte.dev/e/a11y_no_static_element_interactions
11:34:29 AM [vite-plugin-svelte] src/routes/app/generate/+page.svelte:498:4 Visible, non-interactive elements with a click event must be accompanied by a keyboard event handler. Consider whether an interactive element such as `<button type="button">` or `<a>` might be more appropriate
https://svelte.dev/e/a11y_click_events_have_key_events
11:34:29 AM [vite-plugin-svelte] src/routes/app/generate/+page.svelte:498:4 `<div>` with a click handler must have an ARIA role
https://svelte.dev/e/a11y_no_static_element_interactions
11:37:18 AM [vite-plugin-svelte] src/routes/app/keywords/+page.svelte:25:6 A form label must be associated with a control
https://svelte.dev/e/a11y_label_has_associated_control
11:37:18 AM [vite-plugin-svelte] src/routes/app/keywords/+page.svelte:29:6 A form label must be associated with a control
https://svelte.dev/e/a11y_label_has_associated_control
